# JRE version: Java(TM) SE Runtime Environment (18.0.2+9) (build 18.0.2+9-61)
# Java VM: Java HotSpot(TM) 64-Bit Server VM (18.0.2+9-61, mixed mode, emulated-client, sharing, tiered, compressed oops, compressed class ptrs, g1 gc, windows-amd64)
GC Precious Log:
 CardTable entry size: 512
 Card Set container configuration: InlinePtr #cards 5 size 8 Array Of Cards #cards 12 size 40 Howl #buckets 4 coarsen threshold 1843 Howl Bitmap #cards 512 size 80 coarsen threshold 460 Card regions per heap region 1 cards per card region 2048
 CPUs: 4 total, 4 available
 Memory: 8030M
 Large Page Support: Disabled
 NUMA Support: Disabled
 Compressed Oops: Enabled (32-bit)
 Heap Region Size: 1M
 Heap Min Capacity: 8M
 Heap Initial Capacity: 126M
 Heap Max Capacity: 2008M
 Pre-touch: Disabled
 Parallel Workers: 4
 Concurrent Workers: 1
 Concurrent Refinement Workers: 4
 Periodic GC: Disabled
Heap:
 garbage-first heap   total 58368K, used 29017K [0x0000000082800000, 0x0000000100000000)
  region size 1024K, 16 young (16384K), 3 survivors (3072K)
 Metaspace       used 29858K, committed 30144K, reserved 1114112K
  class space    used 4098K, committed 4224K, reserved 1048576K
GC Heap History (12 events):
Event: 4.984 GC heap before
{Heap before GC invocations=0 (full 0):
 garbage-first heap   total 129024K, used 14336K [0x0000000082800000, 0x0000000100000000)
  region size 1024K, 13 young (13312K), 0 survivors (0K)
 Metaspace       used 5457K, committed 5632K, reserved 1114112K
  class space    used 619K, committed 704K, reserved 1048576K
}
Event: 4.994 GC heap after
{Heap after GC invocations=1 (full 0):
 garbage-first heap   total 129024K, used 6978K [0x0000000082800000, 0x0000000100000000)
  region size 1024K, 2 young (2048K), 2 survivors (2048K)
 Metaspace       used 5457K, committed 5632K, reserved 1114112K
  class space    used 619K, committed 704K, reserved 1048576K
}
Event: 8.104 GC heap before
{Heap before GC invocations=1 (full 0):
 garbage-first heap   total 129024K, used 15170K [0x0000000082800000, 0x0000000100000000)
  region size 1024K, 10 young (10240K), 2 survivors (2048K)
 Metaspace       used 7448K, committed 7680K, reserved 1114112K
  class space    used 887K, committed 1024K, reserved 1048576K
}
Event: 8.113 GC heap after
{Heap after GC invocations=2 (full 0):
 garbage-first heap   total 129024K, used 8083K [0x0000000082800000, 0x0000000100000000)
  region size 1024K, 2 young (2048K), 2 survivors (2048K)
 Metaspace       used 7448K, committed 7680K, reserved 1114112K
  class space    used 887K, committed 1024K, reserved 1048576K
}
Event: 13.578 GC heap before
{Heap before GC invocations=2 (full 0):
 garbage-first heap   total 129024K, used 26515K [0x0000000082800000, 0x0000000100000000)
  region size 1024K, 21 young (21504K), 2 survivors (2048K)
 Metaspace       used 11982K, committed 12224K, reserved 1114112K
  class space    used 1533K, committed 1664K, reserved 1048576K
}
Event: 13.585 GC heap after
{Heap after GC invocations=3 (full 0):
 garbage-first heap   total 129024K, used 9501K [0x0000000082800000, 0x0000000100000000)
  region size 1024K, 3 young (3072K), 3 survivors (3072K)
 Metaspace       used 11982K, committed 12224K, reserved 1114112K
  class space    used 1533K, committed 1664K, reserved 1048576K
}
Event: 35.487 GC heap before
{Heap before GC invocations=3 (full 0):
 garbage-first heap   total 129024K, used 71965K [0x0000000082800000, 0x0000000100000000)
  region size 1024K, 65 young (66560K), 3 survivors (3072K)
 Metaspace       used 21095K, committed 21440K, reserved 1114112K
  class space    used 2857K, committed 3008K, reserved 1048576K
}
Event: 35.505 GC heap after
{Heap after GC invocations=4 (full 0):
 garbage-first heap   total 129024K, used 14439K [0x0000000082800000, 0x0000000100000000)
  region size 1024K, 8 young (8192K), 8 survivors (8192K)
 Metaspace       used 21095K, committed 21440K, reserved 1114112K
  class space    used 2857K, committed 3008K, reserved 1048576K
}
Event: 35.545 GC heap before
{Heap before GC invocations=4 (full 0):
 garbage-first heap   total 129024K, used 14439K [0x0000000082800000, 0x0000000100000000)
  region size 1024K, 9 young (9216K), 8 survivors (8192K)
 Metaspace       used 21237K, committed 21504K, reserved 1114112K
  class space    used 2873K, committed 3008K, reserved 1048576K
}
Event: 35.563 GC heap after
{Heap after GC invocations=5 (full 0):
 garbage-first heap   total 129024K, used 14835K [0x0000000082800000, 0x0000000100000000)
  region size 1024K, 6 young (6144K), 6 survivors (6144K)
 Metaspace       used 21237K, committed 21504K, reserved 1114112K
  class space    used 2873K, committed 3008K, reserved 1048576K
}
Event: 38.214 GC heap before
{Heap before GC invocations=6 (full 0):
 garbage-first heap   total 58368K, used 43507K [0x0000000082800000, 0x0000000100000000)
  region size 1024K, 34 young (34816K), 6 survivors (6144K)
 Metaspace       used 26538K, committed 26944K, reserved 1114112K
  class space    used 3521K, committed 3712K, reserved 1048576K
}
Event: 38.232 GC heap after
{Heap after GC invocations=7 (full 0):
 garbage-first heap   total 58368K, used 16729K [0x0000000082800000, 0x0000000100000000)
  region size 1024K, 3 young (3072K), 3 survivors (3072K)
 Metaspace       used 26538K, committed 26944K, reserved 1114112K
  class space    used 3521K, committed 3712K, reserved 1048576K
}

